Using pre-set license
Built from '2020.3/staging' branch; Version is '2020.3.4f1 (0abb6314276a) revision 703331'; Using compiler version '192528614'; Build Type 'Release'
OS: 'Windows 10 Home; OS build 22000.675; Version 2009; 64bit' Language: 'pt' Physical Memory: 8036 MB
BatchMode: 1, IsHumanControllingUs: 0, StartBugReporterOnCrash: 0, Is64bit: 1, IsPro: 0

 COMMAND LINE ARGUMENTS:
C:\Program Files\Unity\Hub\Editor\2020.3.4f1\Editor\Unity.exe
-adb2
-batchMode
-noUpm
-name
AssetImportWorker0
-projectPath
D:/Unity/Viktor/Viktor
-logFile
Logs/AssetImportWorker0.log
-srvPort
62005
Successfully changed project path to: D:/Unity/Viktor/Viktor
D:/Unity/Viktor/Viktor
Using Asset Import Pipeline V2.
Refreshing native plugins compatible for Editor in 195.59 ms, found 0 plugins.
Preloading 0 native plugins for Editor in 0.00 ms.
Initialize engine version: 2020.3.4f1 (0abb6314276a)
[Subsystems] Discovering subsystems at path C:/Program Files/Unity/Hub/Editor/2020.3.4f1/Editor/Data/Resources/UnitySubsystems
[Subsystems] Discovering subsystems at path D:/Unity/Viktor/Viktor/Assets
GfxDevice: creating device client; threaded=0
Direct3D:
    Version:  Direct3D 11.0 [level 11.1]
    Renderer: NVIDIA GeForce GTX 1650 (ID=0x1f91)
    Vendor:   
    VRAM:     3962 MB
    Driver:   31.0.15.1640
Initialize mono
Mono path[0] = 'C:/Program Files/Unity/Hub/Editor/2020.3.4f1/Editor/Data/Managed'
Mono path[1] = 'C:/Program Files/Unity/Hub/Editor/2020.3.4f1/Editor/Data/MonoBleedingEdge/lib/mono/unityjit'
Mono config path = 'C:/Program Files/Unity/Hub/Editor/2020.3.4f1/Editor/Data/MonoBleedingEdge/etc'
Using monoOptions --debugger-agent=transport=dt_socket,embedding=1,server=y,suspend=n,address=127.0.0.1:56480
Begin MonoManager ReloadAssembly
Registering precompiled unity dll's ...
Register platform support module: C:/Program Files/Unity/Hub/Editor/2020.3.4f1/Editor/Data/PlaybackEngines/WebGLSupport/UnityEditor.WebGL.Extensions.dll
Register platform support module: C:/Program Files/Unity/Hub/Editor/2020.3.4f1/Editor/Data/PlaybackEngines/WindowsStandaloneSupport/UnityEditor.WindowsStandalone.Extensions.dll
Registered in 0.004911 seconds.
Native extension for WindowsStandalone target not found
Native extension for WebGL target not found
Refreshing native plugins compatible for Editor in 32.92 ms, found 0 plugins.
Preloading 0 native plugins for Editor in 0.00 ms.
Mono: successfully reloaded assembly
- Completed reload, in  3.810 seconds
Platform modules already initialized, skipping
Registering precompiled user dll's ...
Registered in 0.015854 seconds.
Begin MonoManager ReloadAssembly
Native extension for WindowsStandalone target not found
Native extension for WebGL target not found
Refreshing native plugins compatible for Editor in 0.30 ms, found 0 plugins.
Preloading 0 native plugins for Editor in 0.00 ms.
[ScriptCompilation] NOT recompiling all scripts because this is an import worker process. Reason to compile was: Define symbols changed
Setting up layers.  Layer [20] is now called [Animal]
UnityEngine.StackTraceUtility:ExtractStackTrace ()
UnityEngine.DebugLogHandler:LogFormat (UnityEngine.LogType,UnityEngine.Object,string,object[])
UnityEngine.Logger:Log (UnityEngine.LogType,object)
UnityEngine.Debug:Log (object)
MalbersAnimations.AnimalLayer:CreateLayer () (at Assets/Malbers Animations/Common/Scripts/Editor/AnimalLayer.cs:37)
MalbersAnimations.AnimalLayer:.cctor () (at Assets/Malbers Animations/Common/Scripts/Editor/AnimalLayer.cs:17)
System.Runtime.CompilerServices.RuntimeHelpers:RunClassConstructor (System.RuntimeTypeHandle)
UnityEditor.EditorAssemblies:ProcessInitializeOnLoadAttributes (System.Type[])

(Filename: Assets/Malbers Animations/Common/Scripts/Editor/AnimalLayer.cs Line: 37)

Setting up Tags.  Tag 'Fly' Added
UnityEngine.StackTraceUtility:ExtractStackTrace ()
UnityEngine.DebugLogHandler:LogFormat (UnityEngine.LogType,UnityEngine.Object,string,object[])
UnityEngine.Logger:Log (UnityEngine.LogType,object)
UnityEngine.Debug:Log (object)
MalbersAnimations.AnimalLayer:CreateFlyTag (string) (at Assets/Malbers Animations/Common/Scripts/Editor/AnimalLayer.cs:65)
MalbersAnimations.AnimalLayer:.cctor () (at Assets/Malbers Animations/Common/Scripts/Editor/AnimalLayer.cs:18)
System.Runtime.CompilerServices.RuntimeHelpers:RunClassConstructor (System.RuntimeTypeHandle)
UnityEditor.EditorAssemblies:ProcessInitializeOnLoadAttributes (System.Type[])

(Filename: Assets/Malbers Animations/Common/Scripts/Editor/AnimalLayer.cs Line: 65)

Mono: successfully reloaded assembly
- Completed reload, in  1.729 seconds
Platform modules already initialized, skipping
========================================================================
Worker process is ready to serve import requests
Launched and connected shader compiler UnityShaderCompiler.exe after 0.08 seconds
Refreshing native plugins compatible for Editor in 0.59 ms, found 0 plugins.
Preloading 0 native plugins for Editor in 0.00 ms.
Unloading 1398 Unused Serialized files (Serialized files now loaded: 0)
System memory in use before: 74.9 MB.
System memory in use after: 75.0 MB.

Unloading 11 unused Assets to reduce memory usage. Loaded Objects now: 1840.
Total: 3.103900 ms (FindLiveObjects: 0.335000 ms CreateObjectMapping: 0.116900 ms MarkObjects: 2.528900 ms  DeleteObjects: 0.120800 ms)

========================================================================
Received Import Request.
  path: Assets/ViktorPb.fbx
  artifactKey: Guid(063033593435bb749a6e983adcb6edd4) Importer(815301076,1909f56bfc062723c751e8b465ee728b)
Start importing Assets/ViktorPb.fbx using Guid(063033593435bb749a6e983adcb6edd4) Importer(815301076,1909f56bfc062723c751e8b465ee728b)  -> (artifact id: 'b90341397eca300a387fd0e34e247e84') in 0.555234 seconds
  Import took 0.558742 seconds .

========================================================================
Received Import Request.
  Time since last request: 0.000372 seconds.
  path: Assets/kremlin.ttf
  artifactKey: Guid(aef205e8590c41f41a55448cf30acf52) Importer(815301076,1909f56bfc062723c751e8b465ee728b)
Start importing Assets/kremlin.ttf using Guid(aef205e8590c41f41a55448cf30acf52) Importer(815301076,1909f56bfc062723c751e8b465ee728b)  -> (artifact id: '3a0d51be907000e4e7162ad27f478ec0') in 0.035648 seconds
  Import took 0.037838 seconds .

========================================================================
Received Import Request.
  Time since last request: 83.960699 seconds.
  path: Assets/Scenes
  artifactKey: Guid(f184c78707d20124094a9f751896680d) Importer(815301076,1909f56bfc062723c751e8b465ee728b)
Start importing Assets/Scenes using Guid(f184c78707d20124094a9f751896680d) Importer(815301076,1909f56bfc062723c751e8b465ee728b)  -> (artifact id: '34f3ceb4ad23305ba8e3f2c48da4792c') in 0.001855 seconds
  Import took 0.004368 seconds .

========================================================================
Received Import Request.
  Time since last request: 0.016989 seconds.
  path: Assets/Scenes
  artifactKey: Guid(f184c78707d20124094a9f751896680d) Importer(815301076,1909f56bfc062723c751e8b465ee728b)
Start importing Assets/Scenes using Guid(f184c78707d20124094a9f751896680d) Importer(815301076,1909f56bfc062723c751e8b465ee728b)  -> (artifact id: '34f3ceb4ad23305ba8e3f2c48da4792c') in 0.001606 seconds
  Import took 0.003807 seconds .

========================================================================
Received Import Request.
  Time since last request: 1.546987 seconds.
  path: Assets/Scenes/Menu.unity
  artifactKey: Guid(367ca1090b513664aa036780c7caac41) Importer(815301076,1909f56bfc062723c751e8b465ee728b)
Start importing Assets/Scenes/Menu.unity using Guid(367ca1090b513664aa036780c7caac41) Importer(815301076,1909f56bfc062723c751e8b465ee728b)  -> (artifact id: 'b579ba9794234a4e90456d13bada1048') in 0.002335 seconds
  Import took 0.004811 seconds .

========================================================================
Received Prepare
Registering precompiled user dll's ...
Registered in 0.018754 seconds.
Begin MonoManager ReloadAssembly
Native extension for WindowsStandalone target not found
Native extension for WebGL target not found
Refreshing native plugins compatible for Editor in 0.34 ms, found 0 plugins.
Preloading 0 native plugins for Editor in 0.00 ms.
[ScriptCompilation] NOT recompiling all scripts because this is an import worker process. Reason to compile was: Define symbols changed
Setting up layers.  Layer [20] is now called [Animal]
UnityEngine.StackTraceUtility:ExtractStackTrace ()
UnityEngine.DebugLogHandler:LogFormat (UnityEngine.LogType,UnityEngine.Object,string,object[])
UnityEngine.Logger:Log (UnityEngine.LogType,object)
UnityEngine.Debug:Log (object)
MalbersAnimations.AnimalLayer:CreateLayer () (at Assets/Malbers Animations/Common/Scripts/Editor/AnimalLayer.cs:37)
MalbersAnimations.AnimalLayer:.cctor () (at Assets/Malbers Animations/Common/Scripts/Editor/AnimalLayer.cs:17)
System.Runtime.CompilerServices.RuntimeHelpers:RunClassConstructor (System.RuntimeTypeHandle)
UnityEditor.EditorAssemblies:ProcessInitializeOnLoadAttributes (System.Type[])

(Filename: Assets/Malbers Animations/Common/Scripts/Editor/AnimalLayer.cs Line: 37)

Setting up Tags.  Tag 'Fly' Added
UnityEngine.StackTraceUtility:ExtractStackTrace ()
UnityEngine.DebugLogHandler:LogFormat (UnityEngine.LogType,UnityEngine.Object,string,object[])
UnityEngine.Logger:Log (UnityEngine.LogType,object)
UnityEngine.Debug:Log (object)
MalbersAnimations.AnimalLayer:CreateFlyTag (string) (at Assets/Malbers Animations/Common/Scripts/Editor/AnimalLayer.cs:65)
MalbersAnimations.AnimalLayer:.cctor () (at Assets/Malbers Animations/Common/Scripts/Editor/AnimalLayer.cs:18)
System.Runtime.CompilerServices.RuntimeHelpers:RunClassConstructor (System.RuntimeTypeHandle)
UnityEditor.EditorAssemblies:ProcessInitializeOnLoadAttributes (System.Type[])

(Filename: Assets/Malbers Animations/Common/Scripts/Editor/AnimalLayer.cs Line: 65)

Mono: successfully reloaded assembly
- Completed reload, in  1.621 seconds
Platform modules already initialized, skipping
Refreshing native plugins compatible for Editor in 0.30 ms, found 0 plugins.
Preloading 0 native plugins for Editor in 0.00 ms.
Unloading 1360 Unused Serialized files (Serialized files now loaded: 0)
System memory in use before: 88.6 MB.
System memory in use after: 88.7 MB.

Unloading 6 unused Assets to reduce memory usage. Loaded Objects now: 1891.
Total: 2.400700 ms (FindLiveObjects: 0.367300 ms CreateObjectMapping: 0.118400 ms MarkObjects: 1.719700 ms  DeleteObjects: 0.193200 ms)

========================================================================
Received Prepare
Registering precompiled user dll's ...
Registered in 0.002845 seconds.
Begin MonoManager ReloadAssembly
Native extension for WindowsStandalone target not found
Native extension for WebGL target not found
Refreshing native plugins compatible for Editor in 0.50 ms, found 0 plugins.
Preloading 0 native plugins for Editor in 0.00 ms.
[ScriptCompilation] NOT recompiling all scripts because this is an import worker process. Reason to compile was: Define symbols changed
Setting up layers.  Layer [20] is now called [Animal]
UnityEngine.StackTraceUtility:ExtractStackTrace ()
UnityEngine.DebugLogHandler:LogFormat (UnityEngine.LogType,UnityEngine.Object,string,object[])
UnityEngine.Logger:Log (UnityEngine.LogType,object)
UnityEngine.Debug:Log (object)
MalbersAnimations.AnimalLayer:CreateLayer () (at Assets/Malbers Animations/Common/Scripts/Editor/AnimalLayer.cs:37)
MalbersAnimations.AnimalLayer:.cctor () (at Assets/Malbers Animations/Common/Scripts/Editor/AnimalLayer.cs:17)
System.Runtime.CompilerServices.RuntimeHelpers:RunClassConstructor (System.RuntimeTypeHandle)
UnityEditor.EditorAssemblies:ProcessInitializeOnLoadAttributes (System.Type[])

(Filename: Assets/Malbers Animations/Common/Scripts/Editor/AnimalLayer.cs Line: 37)

Setting up Tags.  Tag 'Fly' Added
UnityEngine.StackTraceUtility:ExtractStackTrace ()
UnityEngine.DebugLogHandler:LogFormat (UnityEngine.LogType,UnityEngine.Object,string,object[])
UnityEngine.Logger:Log (UnityEngine.LogType,object)
UnityEngine.Debug:Log (object)
MalbersAnimations.AnimalLayer:CreateFlyTag (string) (at Assets/Malbers Animations/Common/Scripts/Editor/AnimalLayer.cs:65)
MalbersAnimations.AnimalLayer:.cctor () (at Assets/Malbers Animations/Common/Scripts/Editor/AnimalLayer.cs:18)
System.Runtime.CompilerServices.RuntimeHelpers:RunClassConstructor (System.RuntimeTypeHandle)
UnityEditor.EditorAssemblies:ProcessInitializeOnLoadAttributes (System.Type[])

(Filename: Assets/Malbers Animations/Common/Scripts/Editor/AnimalLayer.cs Line: 65)

Mono: successfully reloaded assembly
- Completed reload, in  1.253 seconds
Platform modules already initialized, skipping
Refreshing native plugins compatible for Editor in 0.41 ms, found 0 plugins.
Preloading 0 native plugins for Editor in 0.00 ms.
Unloading 1360 Unused Serialized files (Serialized files now loaded: 0)
System memory in use before: 88.7 MB.
System memory in use after: 88.7 MB.

Unloading 6 unused Assets to reduce memory usage. Loaded Objects now: 1894.
Total: 3.898500 ms (FindLiveObjects: 0.247400 ms CreateObjectMapping: 0.535200 ms MarkObjects: 3.030500 ms  DeleteObjects: 0.083400 ms)

========================================================================
Received Import Request.
  Time since last request: 226.368232 seconds.
  path: Assets/Scenes/Tela1.unity
  artifactKey: Guid(fd8f7d65a50a5104787fb69849d3bc60) Importer(815301076,1909f56bfc062723c751e8b465ee728b)
Start importing Assets/Scenes/Tela1.unity using Guid(fd8f7d65a50a5104787fb69849d3bc60) Importer(815301076,1909f56bfc062723c751e8b465ee728b)  -> (artifact id: '21b3d7a7e430e4e45924da80701c093e') in 0.016412 seconds
  Import took 0.019258 seconds .

========================================================================
Received Prepare
Registering precompiled user dll's ...
Registered in 0.000967 seconds.
Begin MonoManager ReloadAssembly
Native extension for WindowsStandalone target not found
Native extension for WebGL target not found
Refreshing native plugins compatible for Editor in 0.38 ms, found 0 plugins.
Preloading 0 native plugins for Editor in 0.00 ms.
Mono: successfully reloaded assembly
- Completed reload, in  0.874 seconds
Platform modules already initialized, skipping
Refreshing native plugins compatible for Editor in 0.30 ms, found 0 plugins.
Preloading 0 native plugins for Editor in 0.00 ms.
Unloading 1361 Unused Serialized files (Serialized files now loaded: 0)
System memory in use before: 88.7 MB.
System memory in use after: 88.8 MB.

Unloading 7 unused Assets to reduce memory usage. Loaded Objects now: 1897.
Total: 2.157400 ms (FindLiveObjects: 0.319800 ms CreateObjectMapping: 0.112500 ms MarkObjects: 1.634300 ms  DeleteObjects: 0.089200 ms)

AssetImportWorkerClient::OnTransportError - code=2 error=End of file
